2023-10-18 16:12:24,739 - core.error_handler - ERROR - Traceback (most recent call last):
  File "C:\Users\Imad\Desktop\Github\BafCloud\BafCodeFramework\src\app.py", line 4, in <module>
    from agent.master import MasterAgent
  File "C:\Users\Imad\Desktop\Github\BafCloud\BafCodeFramework\src\agent\master.py", line 2, in <module>
    from agent.commands.processor import CommandProcessor
  File "C:\Users\Imad\Desktop\Github\BafCloud\BafCodeFramework\src\agent\commands\__init__.py", line 1, in <module>
    from .email_commands.get_last_email import GetLastEmail
  File "C:\Users\Imad\Desktop\Github\BafCloud\BafCodeFramework\src\agent\commands\email_commands\get_last_email.py", line 1, in <module>
    from api import get_last_email
ModuleNotFoundError: No module named 'api'

2023-10-18 16:13:12,391 - core.error_handler - ERROR - Traceback (most recent call last):
  File "C:\Users\Imad\Desktop\Github\BafCloud\BafCodeFramework\src\app.py", line 4, in <module>
    from agent.master import MasterAgent
  File "C:\Users\Imad\Desktop\Github\BafCloud\BafCodeFramework\src\agent\master.py", line 2, in <module>
    from agent.commands.processor import CommandProcessor
  File "C:\Users\Imad\Desktop\Github\BafCloud\BafCodeFramework\src\agent\commands\__init__.py", line 1, in <module>
    from .email_commands.get_last_email import GetLastEmail
  File "C:\Users\Imad\Desktop\Github\BafCloud\BafCodeFramework\src\agent\commands\email_commands\get_last_email.py", line 1, in <module>
    from ...api import get_last_email
  File "C:\Users\Imad\Desktop\Github\BafCloud\BafCodeFramework\src\agent\api\__init__.py", line 1, in <module>
    from email_api.get_last_email_api import get_last_email
ModuleNotFoundError: No module named 'email_api'

2023-10-18 16:13:57,256 - core.logger - INFO - Configurations loaded successfully.
2023-10-18 16:13:57,256 - core.logger - INFO - Configurations loaded successfully.
2023-10-18 16:13:57,922 - core.logger - INFO - Configurations loaded successfully.
2023-10-18 16:13:57,922 - core.logger - INFO - Configurations loaded successfully.
2023-10-18 17:41:25,066 - core.logger - INFO - Configurations loaded successfully.
2023-10-18 17:41:25,066 - core.logger - INFO - Configurations loaded successfully.
2023-10-18 17:42:06,603 - core.logger - ERROR - Error processing the request: 415 Unsupported Media Type: Did not attempt to load JSON data because the request Content-Type was not 'application/json'.
2023-10-18 17:42:06,603 - core.logger - ERROR - Error processing the request: 415 Unsupported Media Type: Did not attempt to load JSON data because the request Content-Type was not 'application/json'.
2023-10-18 17:43:48,428 - core.logger - ERROR - Error processing the request: 400 Bad Request: Failed to decode JSON object: Expecting value: line 1 column 1 (char 0)
2023-10-18 17:43:48,428 - core.logger - ERROR - Error processing the request: 400 Bad Request: Failed to decode JSON object: Expecting value: line 1 column 1 (char 0)
2023-10-18 17:45:38,638 - core.logger - INFO - Configurations loaded successfully.
2023-10-18 17:45:38,638 - core.logger - INFO - Configurations loaded successfully.
2023-10-18 17:45:40,689 - core.logger - ERROR - Error processing the request: 400 Bad Request: Failed to decode JSON object: Expecting value: line 1 column 1 (char 0)
2023-10-18 17:45:40,689 - core.logger - ERROR - Error processing the request: 400 Bad Request: Failed to decode JSON object: Expecting value: line 1 column 1 (char 0)
2023-10-18 17:50:33,250 - core.logger - ERROR - Error processing the request: 415 Unsupported Media Type: Did not attempt to load JSON data because the request Content-Type was not 'application/json'.
2023-10-18 17:50:33,250 - core.logger - ERROR - Error processing the request: 415 Unsupported Media Type: Did not attempt to load JSON data because the request Content-Type was not 'application/json'.
2023-10-18 17:51:11,578 - core.logger - ERROR - Error processing the request: 415 Unsupported Media Type: Did not attempt to load JSON data because the request Content-Type was not 'application/json'.
2023-10-18 17:51:11,578 - core.logger - ERROR - Error processing the request: 415 Unsupported Media Type: Did not attempt to load JSON data because the request Content-Type was not 'application/json'.
2023-10-18 17:51:21,887 - core.logger - INFO - Received data: Give me last email
2023-10-18 17:51:21,887 - core.logger - INFO - Received data: Give me last email
2023-10-18 17:51:21,888 - core.logger - ERROR - Error processing the request: decide_command() missing 1 required positional argument: 'data'
2023-10-18 17:51:21,888 - core.logger - ERROR - Error processing the request: decide_command() missing 1 required positional argument: 'data'
2023-10-18 17:52:54,929 - core.logger - INFO - Configurations loaded successfully.
2023-10-18 17:52:54,929 - core.logger - INFO - Configurations loaded successfully.
2023-10-18 17:52:58,815 - core.logger - INFO - Received data: Give me last email
2023-10-18 17:52:58,815 - core.logger - INFO - Received data: Give me last email
2023-10-18 17:52:58,816 - core.logger - INFO - Executing command: getLastEmail
2023-10-18 17:52:58,816 - core.logger - INFO - Executing command: getLastEmail
2023-10-18 17:52:58,818 - core.logger - ERROR - Error processing the request: 'str' object has no attribute 'get'
2023-10-18 17:52:58,818 - core.logger - ERROR - Error processing the request: 'str' object has no attribute 'get'
2023-10-18 17:54:29,641 - core.logger - INFO - Configurations loaded successfully.
2023-10-18 17:54:29,641 - core.logger - INFO - Configurations loaded successfully.
2023-10-18 17:54:32,625 - core.logger - INFO - Received data: Give me last email
2023-10-18 17:54:32,625 - core.logger - INFO - Received data: Give me last email
2023-10-18 17:54:32,626 - core.logger - INFO - Executing command: getLastEmail
2023-10-18 17:54:32,626 - core.logger - INFO - Executing command: getLastEmail
2023-10-18 17:54:32,628 - core.logger - ERROR - Error processing the request: 'str' object has no attribute 'get'
2023-10-18 17:54:32,628 - core.logger - ERROR - Error processing the request: 'str' object has no attribute 'get'
2023-10-18 17:55:28,267 - core.logger - INFO - Configurations loaded successfully.
2023-10-18 17:55:28,267 - core.logger - INFO - Configurations loaded successfully.
2023-10-18 17:55:31,324 - core.logger - INFO - Received data: Give me last email
2023-10-18 17:55:31,324 - core.logger - INFO - Received data: Give me last email
2023-10-18 17:55:31,325 - core.logger - INFO - Executing command: getLastEmail
2023-10-18 17:55:31,325 - core.logger - INFO - Executing command: getLastEmail
2023-10-18 17:55:31,326 - core.logger - ERROR - Error processing the request: 'str' object has no attribute 'get'
2023-10-18 17:55:31,326 - core.logger - ERROR - Error processing the request: 'str' object has no attribute 'get'
2023-10-18 17:58:26,610 - core.logger - INFO - Configurations loaded successfully.
2023-10-18 17:58:26,610 - core.logger - INFO - Configurations loaded successfully.
2023-10-18 17:58:50,367 - core.logger - INFO - Configurations loaded successfully.
2023-10-18 17:58:50,367 - core.logger - INFO - Configurations loaded successfully.
2023-10-18 17:59:14,373 - core.logger - INFO - Configurations loaded successfully.
2023-10-18 17:59:14,373 - core.logger - INFO - Configurations loaded successfully.
2023-10-18 17:59:16,830 - core.logger - INFO - Received data: {'message': 'Give me last email', 'user_id': 1}
2023-10-18 17:59:16,830 - core.logger - INFO - Received data: {'message': 'Give me last email', 'user_id': 1}
2023-10-18 17:59:16,832 - core.logger - INFO - Executing command: getLastEmail
2023-10-18 17:59:16,832 - core.logger - INFO - Executing command: getLastEmail
2023-10-18 17:59:29,654 - core.logger - ERROR - Error fetching last email for user 1. API response: <!DOCTYPE html>
<html lang="en">
    <head>
        <meta charset="utf-8">
        <meta name="viewport" content="width=device-width, initial-scale=1">

        <title>Not Found</title>

        <style>
            /*! normalize.css v8.0.1 | MIT License | github.com/necolas/normalize.css */html{line-height:1.15;-webkit-text-size-adjust:100%}body{margin:0}a{background-color:transparent}code{font-family:monospace,monospace;font-size:1em}[hidden]{display:none}html{font-family:system-ui,-apple-system,BlinkMacSystemFont,Segoe UI,Roboto,Helvetica Neue,Arial,Noto Sans,sans-serif,Apple Color Emoji,Segoe UI Emoji,Segoe UI Symbol,Noto Color Emoji;line-height:1.5}*,:after,:before{box-sizing:border-box;border:0 solid #e2e8f0}a{color:inherit;text-decoration:inherit}code{font-family:Menlo,Monaco,Consolas,Liberation Mono,Courier New,monospace}svg,video{display:block;vertical-align:middle}video{max-width:100%;height:auto}.bg-white{--bg-opacity:1;background-color:#fff;background-color:rgba(255,255,255,var(--bg-opacity))}.bg-gray-100{--bg-opacity:1;background-color:#f7fafc;background-color:rgba(247,250,252,var(--bg-opacity))}.border-gray-200{--border-opacity:1;border-color:#edf2f7;border-color:rgba(237,242,247,var(--border-opacity))}.border-gray-400{--border-opacity:1;border-color:#cbd5e0;border-color:rgba(203,213,224,var(--border-opacity))}.border-t{border-top-width:1px}.border-r{border-right-width:1px}.flex{display:flex}.grid{display:grid}.hidden{display:none}.items-center{align-items:center}.justify-center{justify-content:center}.font-semibold{font-weight:600}.h-5{height:1.25rem}.h-8{height:2rem}.h-16{height:4rem}.text-sm{font-size:.875rem}.text-lg{font-size:1.125rem}.leading-7{line-height:1.75rem}.mx-auto{margin-left:auto;margin-right:auto}.ml-1{margin-left:.25rem}.mt-2{margin-top:.5rem}.mr-2{margin-right:.5rem}.ml-2{margin-left:.5rem}.mt-4{margin-top:1rem}.ml-4{margin-left:1rem}.mt-8{margin-top:2rem}.ml-12{margin-left:3rem}.-mt-px{margin-top:-1px}.max-w-xl{max-width:36rem}.max-w-6xl{max-width:72rem}.min-h-screen{min-height:100vh}.overflow-hidden{overflow:hidden}.p-6{padding:1.5rem}.py-4{padding-top:1rem;padding-bottom:1rem}.px-4{padding-left:1rem;padding-right:1rem}.px-6{padding-left:1.5rem;padding-right:1.5rem}.pt-8{padding-top:2rem}.fixed{position:fixed}.relative{position:relative}.top-0{top:0}.right-0{right:0}.shadow{box-shadow:0 1px 3px 0 rgba(0,0,0,.1),0 1px 2px 0 rgba(0,0,0,.06)}.text-center{text-align:center}.text-gray-200{--text-opacity:1;color:#edf2f7;color:rgba(237,242,247,var(--text-opacity))}.text-gray-300{--text-opacity:1;color:#e2e8f0;color:rgba(226,232,240,var(--text-opacity))}.text-gray-400{--text-opacity:1;color:#cbd5e0;color:rgba(203,213,224,var(--text-opacity))}.text-gray-500{--text-opacity:1;color:#a0aec0;color:rgba(160,174,192,var(--text-opacity))}.text-gray-600{--text-opacity:1;color:#718096;color:rgba(113,128,150,var(--text-opacity))}.text-gray-700{--text-opacity:1;color:#4a5568;color:rgba(74,85,104,var(--text-opacity))}.text-gray-900{--text-opacity:1;color:#1a202c;color:rgba(26,32,44,var(--text-opacity))}.uppercase{text-transform:uppercase}.underline{text-decoration:underline}.antialiased{-webkit-font-smoothing:antialiased;-moz-osx-font-smoothing:grayscale}.tracking-wider{letter-spacing:.05em}.w-5{width:1.25rem}.w-8{width:2rem}.w-auto{width:auto}.grid-cols-1{grid-template-columns:repeat(1,minmax(0,1fr))}@-webkit-keyframes spin{0%{transform:rotate(0deg)}to{transform:rotate(1turn)}}@keyframes spin{0%{transform:rotate(0deg)}to{transform:rotate(1turn)}}@-webkit-keyframes ping{0%{transform:scale(1);opacity:1}75%,to{transform:scale(2);opacity:0}}@keyframes ping{0%{transform:scale(1);opacity:1}75%,to{transform:scale(2);opacity:0}}@-webkit-keyframes pulse{0%,to{opacity:1}50%{opacity:.5}}@keyframes pulse{0%,to{opacity:1}50%{opacity:.5}}@-webkit-keyframes bounce{0%,to{transform:translateY(-25%);-webkit-animation-timing-function:cubic-bezier(.8,0,1,1);animation-timing-function:cubic-bezier(.8,0,1,1)}50%{transform:translateY(0);-webkit-animation-timing-function:cubic-bezier(0,0,.2,1);animation-timing-function:cubic-bezier(0,0,.2,1)}}@keyframes bounce{0%,to{transform:translateY(-25%);-webkit-animation-timing-function:cubic-bezier(.8,0,1,1);animation-timing-function:cubic-bezier(.8,0,1,1)}50%{transform:translateY(0);-webkit-animation-timing-function:cubic-bezier(0,0,.2,1);animation-timing-function:cubic-bezier(0,0,.2,1)}}@media (min-width:640px){.sm\:rounded-lg{border-radius:.5rem}.sm\:block{display:block}.sm\:items-center{align-items:center}.sm\:justify-start{justify-content:flex-start}.sm\:justify-between{justify-content:space-between}.sm\:h-20{height:5rem}.sm\:ml-0{margin-left:0}.sm\:px-6{padding-left:1.5rem;padding-right:1.5rem}.sm\:pt-0{padding-top:0}.sm\:text-left{text-align:left}.sm\:text-right{text-align:right}}@media (min-width:768px){.md\:border-t-0{border-top-width:0}.md\:border-l{border-left-width:1px}.md\:grid-cols-2{grid-template-columns:repeat(2,minmax(0,1fr))}}@media (min-width:1024px){.lg\:px-8{padding-left:2rem;padding-right:2rem}}@media (prefers-color-scheme:dark){.dark\:bg-gray-800{--bg-opacity:1;background-color:#2d3748;background-color:rgba(45,55,72,var(--bg-opacity))}.dark\:bg-gray-900{--bg-opacity:1;background-color:#1a202c;background-color:rgba(26,32,44,var(--bg-opacity))}.dark\:border-gray-700{--border-opacity:1;border-color:#4a5568;border-color:rgba(74,85,104,var(--border-opacity))}.dark\:text-white{--text-opacity:1;color:#fff;color:rgba(255,255,255,var(--text-opacity))}.dark\:text-gray-400{--text-opacity:1;color:#cbd5e0;color:rgba(203,213,224,var(--text-opacity))}}
        </style>

        <style>
            body {
                font-family: ui-sans-serif, system-ui, -apple-system, BlinkMacSystemFont, "Segoe UI", Roboto, "Helvetica Neue", Arial, "Noto Sans", sans-serif, "Apple Color Emoji", "Segoe UI Emoji", "Segoe UI Symbol", "Noto Color Emoji";
            }
        </style>
    </head>
    <body class="antialiased">
        <div class="relative flex items-top justify-center min-h-screen bg-gray-100 dark:bg-gray-900 sm:items-center sm:pt-0">
            <div class="max-w-xl mx-auto sm:px-6 lg:px-8">
                <div class="flex items-center pt-8 sm:justify-start sm:pt-0">
                    <div class="px-4 text-lg text-gray-500 border-r border-gray-400 tracking-wider">
                        404                    </div>

                    <div class="ml-4 text-lg text-gray-500 uppercase tracking-wider">
                        Not Found                    </div>
                </div>
            </div>
        </div>
    </body>
</html>

2023-10-18 17:59:29,654 - core.logger - ERROR - Error fetching last email for user 1. API response: <!DOCTYPE html>
<html lang="en">
    <head>
        <meta charset="utf-8">
        <meta name="viewport" content="width=device-width, initial-scale=1">

        <title>Not Found</title>

        <style>
            /*! normalize.css v8.0.1 | MIT License | github.com/necolas/normalize.css */html{line-height:1.15;-webkit-text-size-adjust:100%}body{margin:0}a{background-color:transparent}code{font-family:monospace,monospace;font-size:1em}[hidden]{display:none}html{font-family:system-ui,-apple-system,BlinkMacSystemFont,Segoe UI,Roboto,Helvetica Neue,Arial,Noto Sans,sans-serif,Apple Color Emoji,Segoe UI Emoji,Segoe UI Symbol,Noto Color Emoji;line-height:1.5}*,:after,:before{box-sizing:border-box;border:0 solid #e2e8f0}a{color:inherit;text-decoration:inherit}code{font-family:Menlo,Monaco,Consolas,Liberation Mono,Courier New,monospace}svg,video{display:block;vertical-align:middle}video{max-width:100%;height:auto}.bg-white{--bg-opacity:1;background-color:#fff;background-color:rgba(255,255,255,var(--bg-opacity))}.bg-gray-100{--bg-opacity:1;background-color:#f7fafc;background-color:rgba(247,250,252,var(--bg-opacity))}.border-gray-200{--border-opacity:1;border-color:#edf2f7;border-color:rgba(237,242,247,var(--border-opacity))}.border-gray-400{--border-opacity:1;border-color:#cbd5e0;border-color:rgba(203,213,224,var(--border-opacity))}.border-t{border-top-width:1px}.border-r{border-right-width:1px}.flex{display:flex}.grid{display:grid}.hidden{display:none}.items-center{align-items:center}.justify-center{justify-content:center}.font-semibold{font-weight:600}.h-5{height:1.25rem}.h-8{height:2rem}.h-16{height:4rem}.text-sm{font-size:.875rem}.text-lg{font-size:1.125rem}.leading-7{line-height:1.75rem}.mx-auto{margin-left:auto;margin-right:auto}.ml-1{margin-left:.25rem}.mt-2{margin-top:.5rem}.mr-2{margin-right:.5rem}.ml-2{margin-left:.5rem}.mt-4{margin-top:1rem}.ml-4{margin-left:1rem}.mt-8{margin-top:2rem}.ml-12{margin-left:3rem}.-mt-px{margin-top:-1px}.max-w-xl{max-width:36rem}.max-w-6xl{max-width:72rem}.min-h-screen{min-height:100vh}.overflow-hidden{overflow:hidden}.p-6{padding:1.5rem}.py-4{padding-top:1rem;padding-bottom:1rem}.px-4{padding-left:1rem;padding-right:1rem}.px-6{padding-left:1.5rem;padding-right:1.5rem}.pt-8{padding-top:2rem}.fixed{position:fixed}.relative{position:relative}.top-0{top:0}.right-0{right:0}.shadow{box-shadow:0 1px 3px 0 rgba(0,0,0,.1),0 1px 2px 0 rgba(0,0,0,.06)}.text-center{text-align:center}.text-gray-200{--text-opacity:1;color:#edf2f7;color:rgba(237,242,247,var(--text-opacity))}.text-gray-300{--text-opacity:1;color:#e2e8f0;color:rgba(226,232,240,var(--text-opacity))}.text-gray-400{--text-opacity:1;color:#cbd5e0;color:rgba(203,213,224,var(--text-opacity))}.text-gray-500{--text-opacity:1;color:#a0aec0;color:rgba(160,174,192,var(--text-opacity))}.text-gray-600{--text-opacity:1;color:#718096;color:rgba(113,128,150,var(--text-opacity))}.text-gray-700{--text-opacity:1;color:#4a5568;color:rgba(74,85,104,var(--text-opacity))}.text-gray-900{--text-opacity:1;color:#1a202c;color:rgba(26,32,44,var(--text-opacity))}.uppercase{text-transform:uppercase}.underline{text-decoration:underline}.antialiased{-webkit-font-smoothing:antialiased;-moz-osx-font-smoothing:grayscale}.tracking-wider{letter-spacing:.05em}.w-5{width:1.25rem}.w-8{width:2rem}.w-auto{width:auto}.grid-cols-1{grid-template-columns:repeat(1,minmax(0,1fr))}@-webkit-keyframes spin{0%{transform:rotate(0deg)}to{transform:rotate(1turn)}}@keyframes spin{0%{transform:rotate(0deg)}to{transform:rotate(1turn)}}@-webkit-keyframes ping{0%{transform:scale(1);opacity:1}75%,to{transform:scale(2);opacity:0}}@keyframes ping{0%{transform:scale(1);opacity:1}75%,to{transform:scale(2);opacity:0}}@-webkit-keyframes pulse{0%,to{opacity:1}50%{opacity:.5}}@keyframes pulse{0%,to{opacity:1}50%{opacity:.5}}@-webkit-keyframes bounce{0%,to{transform:translateY(-25%);-webkit-animation-timing-function:cubic-bezier(.8,0,1,1);animation-timing-function:cubic-bezier(.8,0,1,1)}50%{transform:translateY(0);-webkit-animation-timing-function:cubic-bezier(0,0,.2,1);animation-timing-function:cubic-bezier(0,0,.2,1)}}@keyframes bounce{0%,to{transform:translateY(-25%);-webkit-animation-timing-function:cubic-bezier(.8,0,1,1);animation-timing-function:cubic-bezier(.8,0,1,1)}50%{transform:translateY(0);-webkit-animation-timing-function:cubic-bezier(0,0,.2,1);animation-timing-function:cubic-bezier(0,0,.2,1)}}@media (min-width:640px){.sm\:rounded-lg{border-radius:.5rem}.sm\:block{display:block}.sm\:items-center{align-items:center}.sm\:justify-start{justify-content:flex-start}.sm\:justify-between{justify-content:space-between}.sm\:h-20{height:5rem}.sm\:ml-0{margin-left:0}.sm\:px-6{padding-left:1.5rem;padding-right:1.5rem}.sm\:pt-0{padding-top:0}.sm\:text-left{text-align:left}.sm\:text-right{text-align:right}}@media (min-width:768px){.md\:border-t-0{border-top-width:0}.md\:border-l{border-left-width:1px}.md\:grid-cols-2{grid-template-columns:repeat(2,minmax(0,1fr))}}@media (min-width:1024px){.lg\:px-8{padding-left:2rem;padding-right:2rem}}@media (prefers-color-scheme:dark){.dark\:bg-gray-800{--bg-opacity:1;background-color:#2d3748;background-color:rgba(45,55,72,var(--bg-opacity))}.dark\:bg-gray-900{--bg-opacity:1;background-color:#1a202c;background-color:rgba(26,32,44,var(--bg-opacity))}.dark\:border-gray-700{--border-opacity:1;border-color:#4a5568;border-color:rgba(74,85,104,var(--border-opacity))}.dark\:text-white{--text-opacity:1;color:#fff;color:rgba(255,255,255,var(--text-opacity))}.dark\:text-gray-400{--text-opacity:1;color:#cbd5e0;color:rgba(203,213,224,var(--text-opacity))}}
        </style>

        <style>
            body {
                font-family: ui-sans-serif, system-ui, -apple-system, BlinkMacSystemFont, "Segoe UI", Roboto, "Helvetica Neue", Arial, "Noto Sans", sans-serif, "Apple Color Emoji", "Segoe UI Emoji", "Segoe UI Symbol", "Noto Color Emoji";
            }
        </style>
    </head>
    <body class="antialiased">
        <div class="relative flex items-top justify-center min-h-screen bg-gray-100 dark:bg-gray-900 sm:items-center sm:pt-0">
            <div class="max-w-xl mx-auto sm:px-6 lg:px-8">
                <div class="flex items-center pt-8 sm:justify-start sm:pt-0">
                    <div class="px-4 text-lg text-gray-500 border-r border-gray-400 tracking-wider">
                        404                    </div>

                    <div class="ml-4 text-lg text-gray-500 uppercase tracking-wider">
                        Not Found                    </div>
                </div>
            </div>
        </div>
    </body>
</html>

2023-10-18 17:59:29,689 - core.logger - ERROR - Error processing the request: Error fetching last email. API responded with: <!DOCTYPE html>
<html lang="en">
    <head>
        <meta charset="utf-8">
        <meta name="viewport" content="width=device-width, initial-scale=1">

        <title>Not Found</title>

        <style>
            /*! normalize.css v8.0.1 | MIT License | github.com/necolas/normalize.css */html{line-height:1.15;-webkit-text-size-adjust:100%}body{margin:0}a{background-color:transparent}code{font-family:monospace,monospace;font-size:1em}[hidden]{display:none}html{font-family:system-ui,-apple-system,BlinkMacSystemFont,Segoe UI,Roboto,Helvetica Neue,Arial,Noto Sans,sans-serif,Apple Color Emoji,Segoe UI Emoji,Segoe UI Symbol,Noto Color Emoji;line-height:1.5}*,:after,:before{box-sizing:border-box;border:0 solid #e2e8f0}a{color:inherit;text-decoration:inherit}code{font-family:Menlo,Monaco,Consolas,Liberation Mono,Courier New,monospace}svg,video{display:block;vertical-align:middle}video{max-width:100%;height:auto}.bg-white{--bg-opacity:1;background-color:#fff;background-color:rgba(255,255,255,var(--bg-opacity))}.bg-gray-100{--bg-opacity:1;background-color:#f7fafc;background-color:rgba(247,250,252,var(--bg-opacity))}.border-gray-200{--border-opacity:1;border-color:#edf2f7;border-color:rgba(237,242,247,var(--border-opacity))}.border-gray-400{--border-opacity:1;border-color:#cbd5e0;border-color:rgba(203,213,224,var(--border-opacity))}.border-t{border-top-width:1px}.border-r{border-right-width:1px}.flex{display:flex}.grid{display:grid}.hidden{display:none}.items-center{align-items:center}.justify-center{justify-content:center}.font-semibold{font-weight:600}.h-5{height:1.25rem}.h-8{height:2rem}.h-16{height:4rem}.text-sm{font-size:.875rem}.text-lg{font-size:1.125rem}.leading-7{line-height:1.75rem}.mx-auto{margin-left:auto;margin-right:auto}.ml-1{margin-left:.25rem}.mt-2{margin-top:.5rem}.mr-2{margin-right:.5rem}.ml-2{margin-left:.5rem}.mt-4{margin-top:1rem}.ml-4{margin-left:1rem}.mt-8{margin-top:2rem}.ml-12{margin-left:3rem}.-mt-px{margin-top:-1px}.max-w-xl{max-width:36rem}.max-w-6xl{max-width:72rem}.min-h-screen{min-height:100vh}.overflow-hidden{overflow:hidden}.p-6{padding:1.5rem}.py-4{padding-top:1rem;padding-bottom:1rem}.px-4{padding-left:1rem;padding-right:1rem}.px-6{padding-left:1.5rem;padding-right:1.5rem}.pt-8{padding-top:2rem}.fixed{position:fixed}.relative{position:relative}.top-0{top:0}.right-0{right:0}.shadow{box-shadow:0 1px 3px 0 rgba(0,0,0,.1),0 1px 2px 0 rgba(0,0,0,.06)}.text-center{text-align:center}.text-gray-200{--text-opacity:1;color:#edf2f7;color:rgba(237,242,247,var(--text-opacity))}.text-gray-300{--text-opacity:1;color:#e2e8f0;color:rgba(226,232,240,var(--text-opacity))}.text-gray-400{--text-opacity:1;color:#cbd5e0;color:rgba(203,213,224,var(--text-opacity))}.text-gray-500{--text-opacity:1;color:#a0aec0;color:rgba(160,174,192,var(--text-opacity))}.text-gray-600{--text-opacity:1;color:#718096;color:rgba(113,128,150,var(--text-opacity))}.text-gray-700{--text-opacity:1;color:#4a5568;color:rgba(74,85,104,var(--text-opacity))}.text-gray-900{--text-opacity:1;color:#1a202c;color:rgba(26,32,44,var(--text-opacity))}.uppercase{text-transform:uppercase}.underline{text-decoration:underline}.antialiased{-webkit-font-smoothing:antialiased;-moz-osx-font-smoothing:grayscale}.tracking-wider{letter-spacing:.05em}.w-5{width:1.25rem}.w-8{width:2rem}.w-auto{width:auto}.grid-cols-1{grid-template-columns:repeat(1,minmax(0,1fr))}@-webkit-keyframes spin{0%{transform:rotate(0deg)}to{transform:rotate(1turn)}}@keyframes spin{0%{transform:rotate(0deg)}to{transform:rotate(1turn)}}@-webkit-keyframes ping{0%{transform:scale(1);opacity:1}75%,to{transform:scale(2);opacity:0}}@keyframes ping{0%{transform:scale(1);opacity:1}75%,to{transform:scale(2);opacity:0}}@-webkit-keyframes pulse{0%,to{opacity:1}50%{opacity:.5}}@keyframes pulse{0%,to{opacity:1}50%{opacity:.5}}@-webkit-keyframes bounce{0%,to{transform:translateY(-25%);-webkit-animation-timing-function:cubic-bezier(.8,0,1,1);animation-timing-function:cubic-bezier(.8,0,1,1)}50%{transform:translateY(0);-webkit-animation-timing-function:cubic-bezier(0,0,.2,1);animation-timing-function:cubic-bezier(0,0,.2,1)}}@keyframes bounce{0%,to{transform:translateY(-25%);-webkit-animation-timing-function:cubic-bezier(.8,0,1,1);animation-timing-function:cubic-bezier(.8,0,1,1)}50%{transform:translateY(0);-webkit-animation-timing-function:cubic-bezier(0,0,.2,1);animation-timing-function:cubic-bezier(0,0,.2,1)}}@media (min-width:640px){.sm\:rounded-lg{border-radius:.5rem}.sm\:block{display:block}.sm\:items-center{align-items:center}.sm\:justify-start{justify-content:flex-start}.sm\:justify-between{justify-content:space-between}.sm\:h-20{height:5rem}.sm\:ml-0{margin-left:0}.sm\:px-6{padding-left:1.5rem;padding-right:1.5rem}.sm\:pt-0{padding-top:0}.sm\:text-left{text-align:left}.sm\:text-right{text-align:right}}@media (min-width:768px){.md\:border-t-0{border-top-width:0}.md\:border-l{border-left-width:1px}.md\:grid-cols-2{grid-template-columns:repeat(2,minmax(0,1fr))}}@media (min-width:1024px){.lg\:px-8{padding-left:2rem;padding-right:2rem}}@media (prefers-color-scheme:dark){.dark\:bg-gray-800{--bg-opacity:1;background-color:#2d3748;background-color:rgba(45,55,72,var(--bg-opacity))}.dark\:bg-gray-900{--bg-opacity:1;background-color:#1a202c;background-color:rgba(26,32,44,var(--bg-opacity))}.dark\:border-gray-700{--border-opacity:1;border-color:#4a5568;border-color:rgba(74,85,104,var(--border-opacity))}.dark\:text-white{--text-opacity:1;color:#fff;color:rgba(255,255,255,var(--text-opacity))}.dark\:text-gray-400{--text-opacity:1;color:#cbd5e0;color:rgba(203,213,224,var(--text-opacity))}}
        </style>

        <style>
            body {
                font-family: ui-sans-serif, system-ui, -apple-system, BlinkMacSystemFont, "Segoe UI", Roboto, "Helvetica Neue", Arial, "Noto Sans", sans-serif, "Apple Color Emoji", "Segoe UI Emoji", "Segoe UI Symbol", "Noto Color Emoji";
            }
        </style>
    </head>
    <body class="antialiased">
        <div class="relative flex items-top justify-center min-h-screen bg-gray-100 dark:bg-gray-900 sm:items-center sm:pt-0">
            <div class="max-w-xl mx-auto sm:px-6 lg:px-8">
                <div class="flex items-center pt-8 sm:justify-start sm:pt-0">
                    <div class="px-4 text-lg text-gray-500 border-r border-gray-400 tracking-wider">
                        404                    </div>

                    <div class="ml-4 text-lg text-gray-500 uppercase tracking-wider">
                        Not Found                    </div>
                </div>
            </div>
        </div>
    </body>
</html>

2023-10-18 17:59:29,689 - core.logger - ERROR - Error processing the request: Error fetching last email. API responded with: <!DOCTYPE html>
<html lang="en">
    <head>
        <meta charset="utf-8">
        <meta name="viewport" content="width=device-width, initial-scale=1">

        <title>Not Found</title>

        <style>
            /*! normalize.css v8.0.1 | MIT License | github.com/necolas/normalize.css */html{line-height:1.15;-webkit-text-size-adjust:100%}body{margin:0}a{background-color:transparent}code{font-family:monospace,monospace;font-size:1em}[hidden]{display:none}html{font-family:system-ui,-apple-system,BlinkMacSystemFont,Segoe UI,Roboto,Helvetica Neue,Arial,Noto Sans,sans-serif,Apple Color Emoji,Segoe UI Emoji,Segoe UI Symbol,Noto Color Emoji;line-height:1.5}*,:after,:before{box-sizing:border-box;border:0 solid #e2e8f0}a{color:inherit;text-decoration:inherit}code{font-family:Menlo,Monaco,Consolas,Liberation Mono,Courier New,monospace}svg,video{display:block;vertical-align:middle}video{max-width:100%;height:auto}.bg-white{--bg-opacity:1;background-color:#fff;background-color:rgba(255,255,255,var(--bg-opacity))}.bg-gray-100{--bg-opacity:1;background-color:#f7fafc;background-color:rgba(247,250,252,var(--bg-opacity))}.border-gray-200{--border-opacity:1;border-color:#edf2f7;border-color:rgba(237,242,247,var(--border-opacity))}.border-gray-400{--border-opacity:1;border-color:#cbd5e0;border-color:rgba(203,213,224,var(--border-opacity))}.border-t{border-top-width:1px}.border-r{border-right-width:1px}.flex{display:flex}.grid{display:grid}.hidden{display:none}.items-center{align-items:center}.justify-center{justify-content:center}.font-semibold{font-weight:600}.h-5{height:1.25rem}.h-8{height:2rem}.h-16{height:4rem}.text-sm{font-size:.875rem}.text-lg{font-size:1.125rem}.leading-7{line-height:1.75rem}.mx-auto{margin-left:auto;margin-right:auto}.ml-1{margin-left:.25rem}.mt-2{margin-top:.5rem}.mr-2{margin-right:.5rem}.ml-2{margin-left:.5rem}.mt-4{margin-top:1rem}.ml-4{margin-left:1rem}.mt-8{margin-top:2rem}.ml-12{margin-left:3rem}.-mt-px{margin-top:-1px}.max-w-xl{max-width:36rem}.max-w-6xl{max-width:72rem}.min-h-screen{min-height:100vh}.overflow-hidden{overflow:hidden}.p-6{padding:1.5rem}.py-4{padding-top:1rem;padding-bottom:1rem}.px-4{padding-left:1rem;padding-right:1rem}.px-6{padding-left:1.5rem;padding-right:1.5rem}.pt-8{padding-top:2rem}.fixed{position:fixed}.relative{position:relative}.top-0{top:0}.right-0{right:0}.shadow{box-shadow:0 1px 3px 0 rgba(0,0,0,.1),0 1px 2px 0 rgba(0,0,0,.06)}.text-center{text-align:center}.text-gray-200{--text-opacity:1;color:#edf2f7;color:rgba(237,242,247,var(--text-opacity))}.text-gray-300{--text-opacity:1;color:#e2e8f0;color:rgba(226,232,240,var(--text-opacity))}.text-gray-400{--text-opacity:1;color:#cbd5e0;color:rgba(203,213,224,var(--text-opacity))}.text-gray-500{--text-opacity:1;color:#a0aec0;color:rgba(160,174,192,var(--text-opacity))}.text-gray-600{--text-opacity:1;color:#718096;color:rgba(113,128,150,var(--text-opacity))}.text-gray-700{--text-opacity:1;color:#4a5568;color:rgba(74,85,104,var(--text-opacity))}.text-gray-900{--text-opacity:1;color:#1a202c;color:rgba(26,32,44,var(--text-opacity))}.uppercase{text-transform:uppercase}.underline{text-decoration:underline}.antialiased{-webkit-font-smoothing:antialiased;-moz-osx-font-smoothing:grayscale}.tracking-wider{letter-spacing:.05em}.w-5{width:1.25rem}.w-8{width:2rem}.w-auto{width:auto}.grid-cols-1{grid-template-columns:repeat(1,minmax(0,1fr))}@-webkit-keyframes spin{0%{transform:rotate(0deg)}to{transform:rotate(1turn)}}@keyframes spin{0%{transform:rotate(0deg)}to{transform:rotate(1turn)}}@-webkit-keyframes ping{0%{transform:scale(1);opacity:1}75%,to{transform:scale(2);opacity:0}}@keyframes ping{0%{transform:scale(1);opacity:1}75%,to{transform:scale(2);opacity:0}}@-webkit-keyframes pulse{0%,to{opacity:1}50%{opacity:.5}}@keyframes pulse{0%,to{opacity:1}50%{opacity:.5}}@-webkit-keyframes bounce{0%,to{transform:translateY(-25%);-webkit-animation-timing-function:cubic-bezier(.8,0,1,1);animation-timing-function:cubic-bezier(.8,0,1,1)}50%{transform:translateY(0);-webkit-animation-timing-function:cubic-bezier(0,0,.2,1);animation-timing-function:cubic-bezier(0,0,.2,1)}}@keyframes bounce{0%,to{transform:translateY(-25%);-webkit-animation-timing-function:cubic-bezier(.8,0,1,1);animation-timing-function:cubic-bezier(.8,0,1,1)}50%{transform:translateY(0);-webkit-animation-timing-function:cubic-bezier(0,0,.2,1);animation-timing-function:cubic-bezier(0,0,.2,1)}}@media (min-width:640px){.sm\:rounded-lg{border-radius:.5rem}.sm\:block{display:block}.sm\:items-center{align-items:center}.sm\:justify-start{justify-content:flex-start}.sm\:justify-between{justify-content:space-between}.sm\:h-20{height:5rem}.sm\:ml-0{margin-left:0}.sm\:px-6{padding-left:1.5rem;padding-right:1.5rem}.sm\:pt-0{padding-top:0}.sm\:text-left{text-align:left}.sm\:text-right{text-align:right}}@media (min-width:768px){.md\:border-t-0{border-top-width:0}.md\:border-l{border-left-width:1px}.md\:grid-cols-2{grid-template-columns:repeat(2,minmax(0,1fr))}}@media (min-width:1024px){.lg\:px-8{padding-left:2rem;padding-right:2rem}}@media (prefers-color-scheme:dark){.dark\:bg-gray-800{--bg-opacity:1;background-color:#2d3748;background-color:rgba(45,55,72,var(--bg-opacity))}.dark\:bg-gray-900{--bg-opacity:1;background-color:#1a202c;background-color:rgba(26,32,44,var(--bg-opacity))}.dark\:border-gray-700{--border-opacity:1;border-color:#4a5568;border-color:rgba(74,85,104,var(--border-opacity))}.dark\:text-white{--text-opacity:1;color:#fff;color:rgba(255,255,255,var(--text-opacity))}.dark\:text-gray-400{--text-opacity:1;color:#cbd5e0;color:rgba(203,213,224,var(--text-opacity))}}
        </style>

        <style>
            body {
                font-family: ui-sans-serif, system-ui, -apple-system, BlinkMacSystemFont, "Segoe UI", Roboto, "Helvetica Neue", Arial, "Noto Sans", sans-serif, "Apple Color Emoji", "Segoe UI Emoji", "Segoe UI Symbol", "Noto Color Emoji";
            }
        </style>
    </head>
    <body class="antialiased">
        <div class="relative flex items-top justify-center min-h-screen bg-gray-100 dark:bg-gray-900 sm:items-center sm:pt-0">
            <div class="max-w-xl mx-auto sm:px-6 lg:px-8">
                <div class="flex items-center pt-8 sm:justify-start sm:pt-0">
                    <div class="px-4 text-lg text-gray-500 border-r border-gray-400 tracking-wider">
                        404                    </div>

                    <div class="ml-4 text-lg text-gray-500 uppercase tracking-wider">
                        Not Found                    </div>
                </div>
            </div>
        </div>
    </body>
</html>

2023-10-18 18:00:06,082 - core.logger - INFO - Configurations loaded successfully.
2023-10-18 18:00:06,082 - core.logger - INFO - Configurations loaded successfully.
2023-10-18 18:00:07,560 - core.logger - INFO - Received data: {'message': 'Give me last email', 'user_id': 1}
2023-10-18 18:00:07,560 - core.logger - INFO - Received data: {'message': 'Give me last email', 'user_id': 1}
2023-10-18 18:00:07,561 - core.logger - INFO - Executing command: getLastEmail
2023-10-18 18:00:07,561 - core.logger - INFO - Executing command: getLastEmail
2023-10-18 18:00:08,592 - core.logger - INFO - Generating response for data: ['john@example.com', 'jane@example.com', 'bob@example.com']
2023-10-18 18:00:08,592 - core.logger - INFO - Generating response for data: ['john@example.com', 'jane@example.com', 'bob@example.com']
2023-10-18 18:04:16,649 - core.logger - INFO - Configurations loaded successfully.
2023-10-18 18:04:16,649 - core.logger - INFO - Configurations loaded successfully.
2023-10-18 18:06:36,122 - core.logger - INFO - Received data: {'message': 'Give me last email', 'user_id': 1}
2023-10-18 18:06:36,122 - core.logger - INFO - Received data: {'message': 'Give me last email', 'user_id': 1}
2023-10-18 18:06:36,123 - core.logger - INFO - Executing command: getLastEmail
2023-10-18 18:06:36,123 - core.logger - INFO - Executing command: getLastEmail
2023-10-18 18:06:36,385 - core.logger - INFO - Generating response for data: ['john@example.com', 'jane@example.com', 'bob@example.com']
2023-10-18 18:06:36,385 - core.logger - INFO - Generating response for data: ['john@example.com', 'jane@example.com', 'bob@example.com']
2023-10-18 18:07:08,531 - core.logger - INFO - Configurations loaded successfully.
2023-10-18 18:07:08,531 - core.logger - INFO - Configurations loaded successfully.
2023-10-18 18:07:16,678 - core.logger - INFO - Configurations loaded successfully.
2023-10-18 18:07:16,678 - core.logger - INFO - Configurations loaded successfully.
2023-10-18 18:07:22,644 - core.logger - INFO - Configurations loaded successfully.
2023-10-18 18:07:22,644 - core.logger - INFO - Configurations loaded successfully.
2023-10-18 18:07:33,937 - core.logger - INFO - Configurations loaded successfully.
2023-10-18 18:07:33,937 - core.logger - INFO - Configurations loaded successfully.
2023-10-18 18:07:40,818 - core.logger - INFO - Health check endpoint hit.
2023-10-18 18:07:40,818 - core.logger - INFO - Health check endpoint hit.
2023-10-18 18:08:37,724 - core.logger - INFO - Configurations loaded successfully.
2023-10-18 18:08:37,724 - core.logger - INFO - Configurations loaded successfully.
2023-10-18 18:08:41,660 - core.logger - INFO - Configurations loaded successfully.
2023-10-18 18:08:41,660 - core.logger - INFO - Configurations loaded successfully.
2023-10-18 18:13:31,625 - core.logger - INFO - Configurations loaded successfully.
2023-10-18 18:13:31,625 - core.logger - INFO - Configurations loaded successfully.
2023-10-18 18:15:44,254 - core.logger - INFO - Configurations loaded successfully.
2023-10-18 18:15:44,254 - core.logger - INFO - Configurations loaded successfully.
2023-10-18 18:15:47,195 - core.logger - INFO - Configurations loaded successfully.
2023-10-18 18:15:47,195 - core.logger - INFO - Configurations loaded successfully.
2023-10-18 18:16:19,112 - core.logger - INFO - App started on port 5000.
2023-10-18 18:16:19,112 - core.logger - INFO - App started on port 5000.
2023-10-18 18:16:19,187 - core.logger - INFO - App started on port 5000.
2023-10-18 18:16:19,187 - core.logger - INFO - App started on port 5000.
2023-10-18 18:38:28,196 - core.error_handler - ERROR - Traceback (most recent call last):
  File "C:\Users\Imad\Desktop\Github\BafCloud\BafCodeFramework\src\app.py", line 5, in <module>
    import src.config as config
ModuleNotFoundError: No module named 'src'

2023-10-18 18:41:18,550 - core.logger - INFO - Configurations loaded successfully.
2023-10-18 18:41:18,550 - core.logger - INFO - Configurations loaded successfully.
2023-10-18 18:41:18,552 - core.logger - ERROR - Error starting the app: 'PORT'
2023-10-18 18:41:18,552 - core.logger - ERROR - Error starting the app: 'PORT'
2023-10-18 18:41:18,553 - core.error_handler - ERROR - Traceback (most recent call last):
  File "C:\Users\Imad\Desktop\Github\BafCloud\BafCodeFramework\src\app.py", line 57, in <module>
    port = app.config["PORT"]
           ~~~~~~~~~~^^^^^^^^
KeyError: 'PORT'

2023-10-18 18:45:27,737 - core.logger - INFO - Configurations loaded successfully.
2023-10-18 18:45:27,737 - core.logger - INFO - Configurations loaded successfully.
2023-10-18 18:45:27,739 - core.logger - ERROR - Error starting the app: 'PORT'
2023-10-18 18:45:27,739 - core.logger - ERROR - Error starting the app: 'PORT'
2023-10-18 18:45:27,740 - core.error_handler - ERROR - Traceback (most recent call last):
  File "C:\Users\Imad\Desktop\Github\BafCloud\BafCodeFramework\src\app.py", line 57, in <module>
    port = app.config["PORT"]
           ~~~~~~~~~~^^^^^^^^
KeyError: 'PORT'

2023-10-18 18:47:01,498 - core.logger - INFO - Configurations loaded successfully.
2023-10-18 18:47:01,498 - core.logger - INFO - Configurations loaded successfully.
2023-10-18 18:47:01,500 - core.logger - ERROR - Error starting the app: 'PORT'
2023-10-18 18:47:01,500 - core.logger - ERROR - Error starting the app: 'PORT'
2023-10-18 18:47:01,501 - core.error_handler - ERROR - Traceback (most recent call last):
  File "C:\Users\Imad\Desktop\Github\BafCloud\BafCodeFramework\src\app.py", line 59, in <module>
    port = app.config["PORT"]
           ~~~~~~~~~~^^^^^^^^
KeyError: 'PORT'

